<?xml version="1.0" encoding="UTF-8"?>
<testng-results ignored="0" total="1" passed="1" failed="0" skipped="0">
  <reporter-output>
  </reporter-output>
  <suite started-at="2023-09-20T11:57:19 CEST" name="Suite" finished-at="2023-09-20T11:58:29 CEST" duration-ms="70108">
    <groups>
    </groups>
    <test started-at="2023-09-20T11:57:19 CEST" name="Test" finished-at="2023-09-20T11:58:29 CEST" duration-ms="70108">
      <class name="com.ss.testcases.TestCases">
        <test-method is-config="true" signature="setup()[pri:0, instance:com.ss.testcases.TestCases@1ca3b418]" started-at="2023-09-20T11:57:19 CEST" name="setup" finished-at="2023-09-20T11:57:23 CEST" duration-ms="3297" status="PASS">
          <reporter-output>
          </reporter-output>
        </test-method> <!-- setup -->
        <test-method signature="test_verify_cart_empty_msg()[pri:0, instance:com.ss.testcases.TestCases@1ca3b418]" started-at="2023-09-20T11:57:23 CEST" name="test_verify_cart_empty_msg" finished-at="2023-09-20T11:58:29 CEST" duration-ms="66629" status="PASS">
          <reporter-output>
          </reporter-output>
        </test-method> <!-- test_verify_cart_empty_msg -->
        <test-method is-config="true" signature="tearDown()[pri:0, instance:com.ss.testcases.TestCases@1ca3b418]" started-at="2023-09-20T11:58:29 CEST" name="tearDown" finished-at="2023-09-20T11:58:29 CEST" duration-ms="166" status="PASS">
          <reporter-output>
          </reporter-output>
        </test-method> <!-- tearDown -->
      </class> <!-- com.ss.testcases.TestCases -->
    </test> <!-- Test -->
  </suite> <!-- Suite -->
</testng-results>
